{
  "RSpec": {
    "coverage": {
      "/Users/sayefiqbal/CS/group-project/new/studdybuddyproject/app/models/student.rb": {
        "lines": [
          1,
          null,
          null,
          1,
          null,
          null,
          null,
          1,
          1,
          null,
          null,
          1,
          1,
          null,
          null,
          1,
          1,
          null,
          null
        ]
      },
      "/Users/sayefiqbal/CS/group-project/new/studdybuddyproject/app/models/application_record.rb": {
        "lines": [
          1,
          1,
          null
        ]
      },
      "/Users/sayefiqbal/CS/group-project/new/studdybuddyproject/app/helpers/application_helper.rb": {
        "lines": [
          1,
          null
        ]
      },
      "/Users/sayefiqbal/CS/group-project/new/studdybuddyproject/app/helpers/courses_helper.rb": {
        "lines": [
          1,
          null
        ]
      },
      "/Users/sayefiqbal/CS/group-project/new/studdybuddyproject/app/helpers/group_requests_helper.rb": {
        "lines": [
          1,
          1,
          3,
          null,
          1,
          null,
          1,
          null,
          1,
          null,
          null,
          null
        ]
      },
      "/Users/sayefiqbal/CS/group-project/new/studdybuddyproject/app/helpers/groups_helper.rb": {
        "lines": [
          1,
          null
        ]
      },
      "/Users/sayefiqbal/CS/group-project/new/studdybuddyproject/app/helpers/public_profiles_helper.rb": {
        "lines": [
          1,
          1,
          1,
          null,
          null,
          null
        ]
      },
      "/Users/sayefiqbal/CS/group-project/new/studdybuddyproject/app/helpers/students_helper.rb": {
        "lines": [
          1,
          null
        ]
      },
      "/Users/sayefiqbal/CS/group-project/new/studdybuddyproject/app/channels/application_cable/channel.rb": {
        "lines": [
          1,
          1,
          null,
          null
        ]
      },
      "/Users/sayefiqbal/CS/group-project/new/studdybuddyproject/app/channels/application_cable/connection.rb": {
        "lines": [
          1,
          1,
          null,
          null
        ]
      },
      "/Users/sayefiqbal/CS/group-project/new/studdybuddyproject/app/controllers/courses_controller.rb": {
        "lines": [
          1,
          1,
          1,
          1,
          1,
          1,
          null,
          null
        ]
      },
      "/Users/sayefiqbal/CS/group-project/new/studdybuddyproject/app/controllers/application_controller.rb": {
        "lines": [
          1,
          null
        ]
      },
      "/Users/sayefiqbal/CS/group-project/new/studdybuddyproject/app/controllers/group_requests_controller.rb": {
        "lines": [
          1,
          1,
          3,
          3,
          3,
          3,
          1,
          1,
          2,
          1,
          1,
          1,
          0,
          null,
          null,
          1,
          1,
          1,
          null,
          null,
          1,
          1,
          1,
          1,
          1,
          1,
          1,
          null,
          null,
          1,
          1,
          1,
          1,
          1,
          1,
          null,
          null
        ]
      },
      "/Users/sayefiqbal/CS/group-project/new/studdybuddyproject/app/controllers/groups_controller.rb": {
        "lines": [
          1,
          1,
          1,
          1,
          1,
          1,
          null,
          null,
          1,
          3,
          null,
          3,
          3,
          3,
          3,
          0,
          0,
          0,
          0,
          0,
          0,
          0,
          0,
          null,
          null,
          0,
          0,
          0,
          0,
          0,
          null,
          null,
          1,
          2,
          2,
          2,
          2,
          2,
          1,
          null,
          1,
          1,
          1,
          1,
          null,
          null,
          1,
          1,
          null,
          null,
          1,
          2,
          2,
          2,
          1,
          null,
          2,
          null,
          2,
          2,
          null,
          null,
          1,
          0,
          0,
          null,
          0,
          0,
          0,
          null,
          0,
          null,
          null,
          null,
          null
        ]
      },
      "/Users/sayefiqbal/CS/group-project/new/studdybuddyproject/app/controllers/students_controller.rb": {
        "lines": [
          1,
          null,
          1,
          null,
          1,
          1,
          null,
          null,
          1,
          1,
          1,
          null,
          null,
          1,
          1,
          null,
          null,
          1,
          1,
          1,
          1,
          null,
          null,
          1,
          3,
          3,
          3,
          3,
          2,
          1,
          null,
          1,
          1,
          null,
          null,
          1,
          1,
          null,
          null,
          null,
          null,
          1,
          1,
          null,
          null,
          null,
          null,
          null
        ]
      },
      "/Users/sayefiqbal/CS/group-project/new/studdybuddyproject/app/models/course.rb": {
        "lines": [
          1,
          1,
          1,
          1,
          1,
          null
        ]
      },
      "/Users/sayefiqbal/CS/group-project/new/studdybuddyproject/app/models/enrollment.rb": {
        "lines": [
          1,
          1,
          1,
          1,
          null
        ]
      },
      "/Users/sayefiqbal/CS/group-project/new/studdybuddyproject/app/models/group.rb": {
        "lines": [
          1,
          null,
          1,
          1,
          null,
          null,
          1,
          1,
          null,
          null,
          1,
          1,
          null,
          1,
          null,
          1,
          null,
          null,
          1,
          33,
          33,
          null,
          null,
          null,
          1,
          38,
          3,
          null,
          null,
          null,
          null
        ]
      },
      "/Users/sayefiqbal/CS/group-project/new/studdybuddyproject/app/jobs/application_job.rb": {
        "lines": [
          1,
          null,
          null,
          null,
          null,
          null,
          null
        ]
      },
      "/Users/sayefiqbal/CS/group-project/new/studdybuddyproject/app/mailers/application_mailer.rb": {
        "lines": [
          1,
          1,
          1,
          null
        ]
      },
      "/Users/sayefiqbal/CS/group-project/new/studdybuddyproject/app/models/group_request.rb": {
        "lines": [
          1,
          1,
          1,
          1,
          null,
          1,
          1,
          null,
          1,
          null,
          1,
          null,
          null
        ]
      },
      "/Users/sayefiqbal/CS/group-project/new/studdybuddyproject/app/models/group_member.rb": {
        "lines": [
          1,
          1,
          1,
          null
        ]
      },
      "/Users/sayefiqbal/CS/group-project/new/studdybuddyproject/app/controllers/public_profiles_controller.rb": {
        "lines": [
          1,
          1,
          1,
          1,
          null,
          null
        ]
      }
    },
    "timestamp": 1700104400
  }
}
